<?xml version="1.0" encoding="UTF-8"?><testrun name="TestInMetrics" project="WebProject" tests="1" started="1" failures="0" errors="1" ignored="0">
  <testsuite name="br.com.ExcucaoTestes.TestInMetrics" time="17.326">
    <testcase name="TestBotaoVagas" classname="br.com.ExcucaoTestes.TestInMetrics" time="17.326">
      <error>org.openqa.selenium.WebDriverException: unknown error: Chrome failed to start: crashed
  (chrome not reachable)
  (The process started from chrome location C:\Program Files (x86)\Google\Chrome\Application\chrome.exe is no longer running, so ChromeDriver is assuming that Chrome has crashed.)
Build info: version: '3.141.59', revision: 'e82be7d358', time: '2018-11-14T08:25:48'
System info: host: 'NP91', ip: '192.168.1.37', os.name: 'Windows 10', os.arch: 'amd64', os.version: '10.0', java.version: '1.8.0_231'
Driver info: driver.version: CarregaDriver
remote stacktrace: Backtrace:
	Ordinal0 [0x004DA923+1550627]
	Ordinal0 [0x0045A731+1025841]
	Ordinal0 [0x003DC715+509717]
	Ordinal0 [0x0036CB0B+51979]
	Ordinal0 [0x0038ACE7+175335]
	Ordinal0 [0x0038A8ED+174317]
	Ordinal0 [0x00388CDB+167131]
	Ordinal0 [0x0037144A+70730]
	Ordinal0 [0x003724D0+74960]
	Ordinal0 [0x00372469+74857]
	Ordinal0 [0x004742F7+1131255]
	GetHandleVerifier [0x0057711D+523789]
	GetHandleVerifier [0x00576EB0+523168]
	GetHandleVerifier [0x0057E207+552695]
	GetHandleVerifier [0x0057791A+525834]
	Ordinal0 [0x0046B82C+1095724]
	Ordinal0 [0x0047636B+1139563]
	Ordinal0 [0x004764D3+1139923]
	Ordinal0 [0x00475455+1135701]
	BaseThreadInitThunk [0x77168654+36]
	RtlGetAppContainerNamedObjectPath [0x772F4B17+311]
	RtlGetAppContainerNamedObjectPath [0x772F4AE7+263]
&#13;
	at sun.reflect.NativeConstructorAccessorImpl.newInstance0(Native Method)&#13;
	at sun.reflect.NativeConstructorAccessorImpl.newInstance(Unknown Source)&#13;
	at sun.reflect.DelegatingConstructorAccessorImpl.newInstance(Unknown Source)&#13;
	at java.lang.reflect.Constructor.newInstance(Unknown Source)&#13;
	at org.openqa.selenium.remote.W3CHandshakeResponse.lambda$errorHandler$0(W3CHandshakeResponse.java:62)&#13;
	at org.openqa.selenium.remote.HandshakeResponse.lambda$getResponseFunction$0(HandshakeResponse.java:30)&#13;
	at org.openqa.selenium.remote.ProtocolHandshake.lambda$createSession$0(ProtocolHandshake.java:126)&#13;
	at java.util.stream.ReferencePipeline$3$1.accept(Unknown Source)&#13;
	at java.util.Spliterators$ArraySpliterator.tryAdvance(Unknown Source)&#13;
	at java.util.stream.ReferencePipeline.forEachWithCancel(Unknown Source)&#13;
	at java.util.stream.AbstractPipeline.copyIntoWithCancel(Unknown Source)&#13;
	at java.util.stream.AbstractPipeline.copyInto(Unknown Source)&#13;
	at java.util.stream.AbstractPipeline.wrapAndCopyInto(Unknown Source)&#13;
	at java.util.stream.FindOps$FindOp.evaluateSequential(Unknown Source)&#13;
	at java.util.stream.AbstractPipeline.evaluate(Unknown Source)&#13;
	at java.util.stream.ReferencePipeline.findFirst(Unknown Source)&#13;
	at org.openqa.selenium.remote.ProtocolHandshake.createSession(ProtocolHandshake.java:128)&#13;
	at org.openqa.selenium.remote.ProtocolHandshake.createSession(ProtocolHandshake.java:74)&#13;
	at org.openqa.selenium.remote.HttpCommandExecutor.execute(HttpCommandExecutor.java:136)&#13;
	at org.openqa.selenium.remote.service.DriverCommandExecutor.execute(DriverCommandExecutor.java:83)&#13;
	at org.openqa.selenium.remote.RemoteWebDriver.execute(RemoteWebDriver.java:552)&#13;
	at org.openqa.selenium.remote.RemoteWebDriver.startSession(RemoteWebDriver.java:213)&#13;
	at org.openqa.selenium.remote.RemoteWebDriver.&lt;init&gt;(RemoteWebDriver.java:131)&#13;
	at org.openqa.selenium.chrome.ChromeDriver.&lt;init&gt;(ChromeDriver.java:181)&#13;
	at org.openqa.selenium.chrome.ChromeDriver.&lt;init&gt;(ChromeDriver.java:168)&#13;
	at org.openqa.selenium.chrome.ChromeDriver.&lt;init&gt;(ChromeDriver.java:123)&#13;
	at br.com.BaseTestes.CarregaDriver.&lt;init&gt;(CarregaDriver.java:21)&#13;
	at br.com.ExcucaoTestes.TestInMetrics.setUp(TestInMetrics.java:25)&#13;
	at sun.reflect.NativeMethodAccessorImpl.invoke0(Native Method)&#13;
	at sun.reflect.NativeMethodAccessorImpl.invoke(Unknown Source)&#13;
	at sun.reflect.DelegatingMethodAccessorImpl.invoke(Unknown Source)&#13;
	at java.lang.reflect.Method.invoke(Unknown Source)&#13;
	at org.junit.runners.model.FrameworkMethod$1.runReflectiveCall(FrameworkMethod.java:50)&#13;
	at org.junit.internal.runners.model.ReflectiveCallable.run(ReflectiveCallable.java:12)&#13;
	at org.junit.runners.model.FrameworkMethod.invokeExplosively(FrameworkMethod.java:47)&#13;
	at org.junit.internal.runners.statements.RunBefores.evaluate(RunBefores.java:24)&#13;
	at org.junit.internal.runners.statements.RunAfters.evaluate(RunAfters.java:27)&#13;
	at org.junit.runners.ParentRunner.runLeaf(ParentRunner.java:325)&#13;
	at org.junit.runners.BlockJUnit4ClassRunner.runChild(BlockJUnit4ClassRunner.java:78)&#13;
	at org.junit.runners.BlockJUnit4ClassRunner.runChild(BlockJUnit4ClassRunner.java:57)&#13;
	at org.junit.runners.ParentRunner$3.run(ParentRunner.java:290)&#13;
	at org.junit.runners.ParentRunner$1.schedule(ParentRunner.java:71)&#13;
	at org.junit.runners.ParentRunner.runChildren(ParentRunner.java:288)&#13;
	at org.junit.runners.ParentRunner.access$000(ParentRunner.java:58)&#13;
	at org.junit.runners.ParentRunner$2.evaluate(ParentRunner.java:268)&#13;
	at org.junit.runners.ParentRunner.run(ParentRunner.java:363)&#13;
	at org.eclipse.jdt.internal.junit4.runner.JUnit4TestReference.run(JUnit4TestReference.java:86)&#13;
	at org.eclipse.jdt.internal.junit.runner.TestExecution.run(TestExecution.java:38)&#13;
	at org.eclipse.jdt.internal.junit.runner.RemoteTestRunner.runTests(RemoteTestRunner.java:459)&#13;
	at org.eclipse.jdt.internal.junit.runner.RemoteTestRunner.runTests(RemoteTestRunner.java:675)&#13;
	at org.eclipse.jdt.internal.junit.runner.RemoteTestRunner.run(RemoteTestRunner.java:382)&#13;
	at org.eclipse.jdt.internal.junit.runner.RemoteTestRunner.main(RemoteTestRunner.java:192)&#13;
&#13;
</error>
    </testcase>
  </testsuite>
</testrun>
